<?xml version="1.0" encoding="UTF-8"?>
<!-- Generated by org.testng.reporters.JUnitXMLReporter -->
<testsuite hostname="DESKTOP-L3OAS3D" ignored="1" name="Firefox -- Sanity tests for SPS Sign " tests="1" failures="0" timestamp="2021-03-16T13:56:11 IST" time="2.931" errors="0">
  <testcase name="testSPSConnections" time="0.0" classname="sanitySPSSignTest.MinimumSPSSignConnectionTest">
    <skipped/>
  </testcase> <!-- testSPSConnections -->
  <testcase name="testSPSSignDocSignature" time="0.0" classname="sanitySPSSignTest.MinimumSPSSignDocSignatureTest">
    <ignored/>
  </testcase> <!-- testSPSSignDocSignature -->
</testsuite> <!-- Firefox - Sanity tests for SPS Sign  -->
