<?xml version="1.0" encoding="UTF-8"?>
<testng-results skipped="0" failed="1" ignored="0" total="1" passed="0">
  <reporter-output>
  </reporter-output>
  <suite name="Suite" duration-ms="17280" started-at="2021-03-24T16:29:44 IST" finished-at="2021-03-24T16:30:02 IST">
    <groups>
    </groups>
    <test name="Sanity Tests for SPS" duration-ms="17280" started-at="2021-03-24T16:29:44 IST" finished-at="2021-03-24T16:30:02 IST">
      <class name="sanitySPSTest.MinimumImportMandateFIleCSV007Test">
        <test-method status="PASS" signature="testSetup(java.lang.String, java.lang.String)[pri:0, instance:sanitySPSTest.MinimumImportMandateFIleCSV007Test@13bc8645]" name="testSetup" is-config="true" duration-ms="5569" started-at="2021-03-24T16:29:44 IST" description="Setting up the Selenium enviroment." finished-at="2021-03-24T16:29:50 IST">
          <params>
            <param index="0">
              <value>
                <![CDATA[chromelocal]]>
              </value>
            </param>
            <param index="1">
              <value>
                <![CDATA[RCI]]>
              </value>
            </param>
          </params>
          <reporter-output>
          </reporter-output>
        </test-method> <!-- testSetup -->
        <test-method status="FAIL" signature="minimumImportMandateFIleCSV007()[pri:0, instance:sanitySPSTest.MinimumImportMandateFIleCSV007Test@13bc8645]" name="minimumImportMandateFIleCSV007" duration-ms="10849" started-at="2021-03-24T16:29:50 IST" finished-at="2021-03-24T16:30:01 IST">
          <exception class="org.openqa.selenium.NoSuchWindowException">
            <message>
              <![CDATA[no such window: window was already closed
  (Session info: chrome=89.0.4389.90)
Build info: version: '3.141.59', revision: 'e82be7d358', time: '2018-11-14T08:17:03'
System info: host: 'DESKTOP-RKTNUQC', ip: '192.168.0.186', os.name: 'Windows 10', os.arch: 'amd64', os.version: '10.0', java.version: '1.8.0_161'
Driver info: org.openqa.selenium.chrome.ChromeDriver
Capabilities {acceptInsecureCerts: false, browserName: chrome, browserVersion: 89.0.4389.90, chrome: {chromedriverVersion: 88.0.4324.96 (68dba2d8a0b14..., userDataDir: C:\Users\13545\AppData\Loca...}, goog:chromeOptions: {debuggerAddress: localhost:50645}, javascriptEnabled: true, networkConnectionEnabled: false, pageLoadStrategy: normal, platform: WINDOWS, platformName: WINDOWS, proxy: Proxy(), setWindowRect: true, strictFileInteractability: false, timeouts: {implicit: 0, pageLoad: 300000, script: 30000}, unhandledPromptBehavior: dismiss and notify, webauthn:extension:largeBlob: true, webauthn:virtualAuthenticators: true}
Session ID: 1b0ba31987372e1881d02b213d83563e]]>
            </message>
            <full-stacktrace>
              <![CDATA[org.openqa.selenium.NoSuchWindowException: no such window: window was already closed
  (Session info: chrome=89.0.4389.90)
Build info: version: '3.141.59', revision: 'e82be7d358', time: '2018-11-14T08:17:03'
System info: host: 'DESKTOP-RKTNUQC', ip: '192.168.0.186', os.name: 'Windows 10', os.arch: 'amd64', os.version: '10.0', java.version: '1.8.0_161'
Driver info: org.openqa.selenium.chrome.ChromeDriver
Capabilities {acceptInsecureCerts: false, browserName: chrome, browserVersion: 89.0.4389.90, chrome: {chromedriverVersion: 88.0.4324.96 (68dba2d8a0b14..., userDataDir: C:\Users\13545\AppData\Loca...}, goog:chromeOptions: {debuggerAddress: localhost:50645}, javascriptEnabled: true, networkConnectionEnabled: false, pageLoadStrategy: normal, platform: WINDOWS, platformName: WINDOWS, proxy: Proxy(), setWindowRect: true, strictFileInteractability: false, timeouts: {implicit: 0, pageLoad: 300000, script: 30000}, unhandledPromptBehavior: dismiss and notify, webauthn:extension:largeBlob: true, webauthn:virtualAuthenticators: true}
Session ID: 1b0ba31987372e1881d02b213d83563e
at sun.reflect.NativeConstructorAccessorImpl.newInstance0(Native Method)
at sun.reflect.NativeConstructorAccessorImpl.newInstance(Unknown Source)
at sun.reflect.DelegatingConstructorAccessorImpl.newInstance(Unknown Source)
at java.lang.reflect.Constructor.newInstance(Unknown Source)
at org.openqa.selenium.remote.http.W3CHttpResponseCodec.createException(W3CHttpResponseCodec.java:187)
at org.openqa.selenium.remote.http.W3CHttpResponseCodec.decode(W3CHttpResponseCodec.java:122)
at org.openqa.selenium.remote.http.W3CHttpResponseCodec.decode(W3CHttpResponseCodec.java:49)
at org.openqa.selenium.remote.HttpCommandExecutor.execute(HttpCommandExecutor.java:158)
at org.openqa.selenium.remote.service.DriverCommandExecutor.execute(DriverCommandExecutor.java:83)
at org.openqa.selenium.remote.RemoteWebDriver.execute(RemoteWebDriver.java:552)
at org.openqa.selenium.remote.RemoteWebElement.execute(RemoteWebElement.java:285)
at org.openqa.selenium.remote.RemoteWebElement.getText(RemoteWebElement.java:166)
at utilies.UserActions.selectvaluesdropdownWithValue(UserActions.java:368)
at spspages.FileSupervisionPage.uploadCSVForMandateCreation(FileSupervisionPage.java:104)
at sanitySPSTest.MinimumImportMandateFIleCSV007Test.minimumImportMandateFIleCSV007(MinimumImportMandateFIleCSV007Test.java:46)
at sun.reflect.NativeMethodAccessorImpl.invoke0(Native Method)
at sun.reflect.NativeMethodAccessorImpl.invoke(Unknown Source)
at sun.reflect.DelegatingMethodAccessorImpl.invoke(Unknown Source)
at java.lang.reflect.Method.invoke(Unknown Source)
at org.testng.internal.MethodInvocationHelper.invokeMethod(MethodInvocationHelper.java:134)
at org.testng.internal.TestInvoker.invokeMethod(TestInvoker.java:597)
at org.testng.internal.TestInvoker.invokeTestMethod(TestInvoker.java:173)
at org.testng.internal.MethodRunner.runInSequence(MethodRunner.java:46)
at org.testng.internal.TestInvoker$MethodInvocationAgent.invoke(TestInvoker.java:816)
at org.testng.internal.TestInvoker.invokeTestMethods(TestInvoker.java:146)
at org.testng.internal.TestMethodWorker.invokeTestMethods(TestMethodWorker.java:146)
at org.testng.internal.TestMethodWorker.run(TestMethodWorker.java:128)
at java.util.concurrent.ThreadPoolExecutor.runWorker(Unknown Source)
at java.util.concurrent.ThreadPoolExecutor$Worker.run(Unknown Source)
at java.lang.Thread.run(Unknown Source)
]]>
            </full-stacktrace>
          </exception> <!-- org.openqa.selenium.NoSuchWindowException -->
          <reporter-output>
          </reporter-output>
        </test-method> <!-- minimumImportMandateFIleCSV007 -->
        <test-method status="PASS" signature="tearDown()[pri:0, instance:sanitySPSTest.MinimumImportMandateFIleCSV007Test@13bc8645]" name="tearDown" is-config="true" duration-ms="734" started-at="2021-03-24T16:30:01 IST" description="tearing down test setup" finished-at="2021-03-24T16:30:02 IST">
          <reporter-output>
          </reporter-output>
        </test-method> <!-- tearDown -->
      </class> <!-- sanitySPSTest.MinimumImportMandateFIleCSV007Test -->
    </test> <!-- Sanity Tests for SPS -->
  </suite> <!-- Suite -->
</testng-results>
